android/app/build/intermediates/manifest_merge_blame_file/release/manifest-merger-blame-release-report.txt
1<?xml version="1.0" encoding="utf-8"?>
2<manifest xmlns:android="http://schemas.android.com/apk/res/android"
3    package="com.SibSU.MySibSU"
4    android:versionCode="4194305"
5    android:versionName="1.0" >
6
7    <uses-sdk
8        android:minSdkVersion="21"
8-->src/main/AndroidManifest.xml
9        android:targetSdkVersion="29" />
9-->src/main/AndroidManifest.xml
10
11    <uses-permission android:name="android.permission.INTERNET" /> <!-- OPTIONAL PERMISSIONS, REMOVE WHATEVER YOU DO NOT NEED -->
11-->src/main/AndroidManifest.xml:5:5-67
11-->src/main/AndroidManifest.xml:5:22-64
12    <uses-permission android:name="android.permission.SYSTEM_ALERT_WINDOW" />
12-->src/main/AndroidManifest.xml:6:5-78
12-->src/main/AndroidManifest.xml:6:22-75
13    <uses-permission android:name="android.permission.READ_PHONE_STATE" />
13-->src/main/AndroidManifest.xml:7:5-75
13-->src/main/AndroidManifest.xml:7:22-72
14    <uses-permission android:name="android.permission.USE_BIOMETRIC" />
14-->src/main/AndroidManifest.xml:8:5-72
14-->src/main/AndroidManifest.xml:8:22-69
15    <uses-permission android:name="android.permission.VIBRATE" />
15-->src/main/AndroidManifest.xml:9:5-66
15-->src/main/AndroidManifest.xml:9:22-63
16    <uses-permission android:name="android.permission.MODIFY_AUDIO_SETTINGS" /> <!-- These require runtime permissions on M -->
16-->src/main/AndroidManifest.xml:10:5-80
16-->src/main/AndroidManifest.xml:10:22-77
17    <uses-permission android:name="android.permission.ACCESS_COARSE_LOCATION" />
17-->src/main/AndroidManifest.xml:11:5-81
17-->src/main/AndroidManifest.xml:11:22-78
18    <uses-permission android:name="android.permission.ACCESS_FINE_LOCATION" />
18-->src/main/AndroidManifest.xml:12:5-79
18-->src/main/AndroidManifest.xml:12:22-76
19    <uses-permission android:name="android.permission.CAMERA" />
19-->src/main/AndroidManifest.xml:13:5-65
19-->src/main/AndroidManifest.xml:13:22-62
20    <uses-permission android:name="android.permission.RECORD_AUDIO" />
20-->src/main/AndroidManifest.xml:14:5-71
20-->src/main/AndroidManifest.xml:14:22-68
21    <uses-permission android:name="android.permission.READ_CONTACTS" />
21-->src/main/AndroidManifest.xml:15:5-72
21-->src/main/AndroidManifest.xml:15:22-69
22    <uses-permission android:name="android.permission.WRITE_CONTACTS" />
22-->src/main/AndroidManifest.xml:16:5-73
22-->src/main/AndroidManifest.xml:16:22-70
23    <uses-permission android:name="android.permission.READ_CALENDAR" />
23-->src/main/AndroidManifest.xml:17:5-72
23-->src/main/AndroidManifest.xml:17:22-69
24    <uses-permission android:name="android.permission.WRITE_CALENDAR" />
24-->src/main/AndroidManifest.xml:18:5-73
24-->src/main/AndroidManifest.xml:18:22-70
25    <uses-permission android:name="android.permission.READ_EXTERNAL_STORAGE" />
25-->src/main/AndroidManifest.xml:19:5-80
25-->src/main/AndroidManifest.xml:19:22-77
26    <uses-permission android:name="android.permission.WRITE_EXTERNAL_STORAGE" />
26-->src/main/AndroidManifest.xml:20:5-81
26-->src/main/AndroidManifest.xml:20:22-78
27    <uses-permission android:name="android.permission.WRITE_SETTINGS" />
27-->src/main/AndroidManifest.xml:21:5-73
27-->src/main/AndroidManifest.xml:21:22-70
28    <uses-permission android:name="android.permission.ACCESS_NETWORK_STATE" />
28-->[:expo-updates] AndroidManifest.xml:11:5-79
28-->[:expo-updates] AndroidManifest.xml:11:22-76
29    <uses-permission android:name="android.permission.WAKE_LOCK" /> <!-- Required to access Google Play Licensing -->
29-->[:react-native-firebase_messaging] AndroidManifest.xml:12:5-68
29-->[:react-native-firebase_messaging] AndroidManifest.xml:12:22-65
30    <uses-permission android:name="com.android.vending.CHECK_LICENSE" /> <!-- Required to check whether Wi-Fi is enabled -->
30-->[:rn-fetch-blob] AndroidManifest.xml:12:5-73
30-->[:rn-fetch-blob] AndroidManifest.xml:12:22-70
31    <uses-permission android:name="android.permission.ACCESS_WIFI_STATE" />
31-->[:rn-fetch-blob] AndroidManifest.xml:30:5-76
31-->[:rn-fetch-blob] AndroidManifest.xml:30:22-73
32    <uses-permission android:name="android.permission.FOREGROUND_SERVICE" />
32-->[:expo-location] AndroidManifest.xml:13:5-77
32-->[:expo-location] AndroidManifest.xml:13:22-74
33    <uses-permission android:name="android.permission.RECEIVE_BOOT_COMPLETED" /> <!-- Required by older versions of Google Play services to create IID tokens -->
33-->[:expo-notifications] AndroidManifest.xml:11:5-81
33-->[:expo-notifications] AndroidManifest.xml:11:22-78
34    <uses-permission android:name="com.google.android.c2dm.permission.RECEIVE" />
34-->[com.google.firebase:firebase-iid:21.0.1] AndroidManifest.xml:26:5-82
34-->[com.google.firebase:firebase-iid:21.0.1] AndroidManifest.xml:26:22-79
35    <uses-permission android:name="com.google.android.finsky.permission.BIND_GET_INSTALL_REFERRER_SERVICE" />
35-->[com.android.installreferrer:installreferrer:1.0] AndroidManifest.xml:9:5-110
35-->[com.android.installreferrer:installreferrer:1.0] AndroidManifest.xml:9:22-107
36    <uses-permission android:name="com.google.android.providers.gsf.permission.READ_GSERVICES" />
36-->[io.nlopez.smartlocation:library:3.2.11] AndroidManifest.xml:15:5-98
36-->[io.nlopez.smartlocation:library:3.2.11] AndroidManifest.xml:15:22-95
37    <uses-permission android:name="com.google.android.gms.permission.ACTIVITY_RECOGNITION" /> <!-- for android -->
37-->[io.nlopez.smartlocation:library:3.2.11] AndroidManifest.xml:16:5-94
37-->[io.nlopez.smartlocation:library:3.2.11] AndroidManifest.xml:16:22-91
38    <!-- <uses-permission android:name="com.android.launcher.permission.READ_SETTINGS"/> -->
39    <!-- <uses-permission android:name="com.android.launcher.permission.WRITE_SETTINGS"/> -->
40    <!-- <uses-permission android:name="com.android.launcher.permission.INSTALL_SHORTCUT" /> -->
41    <!-- <uses-permission android:name="com.android.launcher.permission.UNINSTALL_SHORTCUT" /> -->
42    <!-- for Samsung -->
43    <uses-permission android:name="com.sec.android.provider.badge.permission.READ" />
43-->[me.leolin:ShortcutBadger:1.1.22] AndroidManifest.xml:19:5-86
43-->[me.leolin:ShortcutBadger:1.1.22] AndroidManifest.xml:19:22-83
44    <uses-permission android:name="com.sec.android.provider.badge.permission.WRITE" /> <!-- for htc -->
44-->[me.leolin:ShortcutBadger:1.1.22] AndroidManifest.xml:20:5-87
44-->[me.leolin:ShortcutBadger:1.1.22] AndroidManifest.xml:20:22-84
45    <uses-permission android:name="com.htc.launcher.permission.READ_SETTINGS" />
45-->[me.leolin:ShortcutBadger:1.1.22] AndroidManifest.xml:23:5-81
45-->[me.leolin:ShortcutBadger:1.1.22] AndroidManifest.xml:23:22-78
46    <uses-permission android:name="com.htc.launcher.permission.UPDATE_SHORTCUT" /> <!-- for sony -->
46-->[me.leolin:ShortcutBadger:1.1.22] AndroidManifest.xml:24:5-83
46-->[me.leolin:ShortcutBadger:1.1.22] AndroidManifest.xml:24:22-80
47    <uses-permission android:name="com.sonyericsson.home.permission.BROADCAST_BADGE" />
47-->[me.leolin:ShortcutBadger:1.1.22] AndroidManifest.xml:27:5-88
47-->[me.leolin:ShortcutBadger:1.1.22] AndroidManifest.xml:27:22-85
48    <uses-permission android:name="com.sonymobile.home.permission.PROVIDER_INSERT_BADGE" /> <!-- for apex -->
48-->[me.leolin:ShortcutBadger:1.1.22] AndroidManifest.xml:28:5-92
48-->[me.leolin:ShortcutBadger:1.1.22] AndroidManifest.xml:28:22-89
49    <uses-permission android:name="com.anddoes.launcher.permission.UPDATE_COUNT" /> <!-- for solid -->
49-->[me.leolin:ShortcutBadger:1.1.22] AndroidManifest.xml:31:5-84
49-->[me.leolin:ShortcutBadger:1.1.22] AndroidManifest.xml:31:22-81
50    <uses-permission android:name="com.majeur.launcher.permission.UPDATE_BADGE" /> <!-- for huawei -->
50-->[me.leolin:ShortcutBadger:1.1.22] AndroidManifest.xml:34:5-83
50-->[me.leolin:ShortcutBadger:1.1.22] AndroidManifest.xml:34:22-80
51    <uses-permission android:name="com.huawei.android.launcher.permission.CHANGE_BADGE" />
51-->[me.leolin:ShortcutBadger:1.1.22] AndroidManifest.xml:37:5-91
51-->[me.leolin:ShortcutBadger:1.1.22] AndroidManifest.xml:37:22-88
52    <uses-permission android:name="com.huawei.android.launcher.permission.READ_SETTINGS" />
52-->[me.leolin:ShortcutBadger:1.1.22] AndroidManifest.xml:38:5-92
52-->[me.leolin:ShortcutBadger:1.1.22] AndroidManifest.xml:38:22-89
53    <uses-permission android:name="com.huawei.android.launcher.permission.WRITE_SETTINGS" /> <!-- for ZUK -->
53-->[me.leolin:ShortcutBadger:1.1.22] AndroidManifest.xml:39:5-93
53-->[me.leolin:ShortcutBadger:1.1.22] AndroidManifest.xml:39:22-90
54    <uses-permission android:name="android.permission.READ_APP_BADGE" /> <!-- for OPPO -->
54-->[me.leolin:ShortcutBadger:1.1.22] AndroidManifest.xml:42:5-73
54-->[me.leolin:ShortcutBadger:1.1.22] AndroidManifest.xml:42:22-70
55    <uses-permission android:name="com.oppo.launcher.permission.READ_SETTINGS" />
55-->[me.leolin:ShortcutBadger:1.1.22] AndroidManifest.xml:45:5-82
55-->[me.leolin:ShortcutBadger:1.1.22] AndroidManifest.xml:45:22-79
56    <uses-permission android:name="com.oppo.launcher.permission.WRITE_SETTINGS" /> <!-- for EvMe -->
56-->[me.leolin:ShortcutBadger:1.1.22] AndroidManifest.xml:46:5-83
56-->[me.leolin:ShortcutBadger:1.1.22] AndroidManifest.xml:46:22-80
57    <uses-permission android:name="me.everything.badger.permission.BADGE_COUNT_READ" />
57-->[me.leolin:ShortcutBadger:1.1.22] AndroidManifest.xml:49:5-88
57-->[me.leolin:ShortcutBadger:1.1.22] AndroidManifest.xml:49:22-85
58    <uses-permission android:name="me.everything.badger.permission.BADGE_COUNT_WRITE" />
58-->[me.leolin:ShortcutBadger:1.1.22] AndroidManifest.xml:50:5-89
58-->[me.leolin:ShortcutBadger:1.1.22] AndroidManifest.xml:50:22-86
59
60    <application
60-->src/main/AndroidManifest.xml:23:5-61:19
61        android:name="com.SibSU.MySibSU.MainApplication"
61-->src/main/AndroidManifest.xml:24:9-40
62        android:allowBackup="false"
62-->src/main/AndroidManifest.xml:25:9-36
63        android:appComponentFactory="androidx.core.app.CoreComponentFactory"
63-->[androidx.core:core:1.3.0] AndroidManifest.xml:24:18-86
64        android:icon="@mipmap/ic_launcher"
64-->src/main/AndroidManifest.xml:26:9-43
65        android:label="@string/app_name"
65-->src/main/AndroidManifest.xml:27:9-41
66        android:roundIcon="@mipmap/ic_launcher_round"
66-->src/main/AndroidManifest.xml:28:9-54
67        android:theme="@style/AppTheme" >
67-->src/main/AndroidManifest.xml:29:9-40
68        <receiver android:name="com.SibSU.MySibSU.TimetableWidget" >
68-->src/main/AndroidManifest.xml:30:9-38:20
68-->src/main/AndroidManifest.xml:30:19-50
69            <intent-filter>
69-->src/main/AndroidManifest.xml:31:13-33:29
70                <action android:name="android.appwidget.action.APPWIDGET_UPDATE" />
70-->src/main/AndroidManifest.xml:32:17-84
70-->src/main/AndroidManifest.xml:32:25-81
71            </intent-filter>
72
73            <meta-data
73-->src/main/AndroidManifest.xml:35:13-37:65
74                android:name="android.appwidget.provider"
74-->src/main/AndroidManifest.xml:36:17-58
75                android:resource="@xml/timetable_widget_info" />
75-->src/main/AndroidManifest.xml:37:17-62
76        </receiver>
77
78        <meta-data
78-->src/main/AndroidManifest.xml:40:9-42:49
79            android:name="expo.modules.updates.EXPO_UPDATE_URL"
79-->src/main/AndroidManifest.xml:41:13-64
80            android:value="YOUR-APP-URL-HERE" />
80-->src/main/AndroidManifest.xml:42:13-46
81        <meta-data
81-->src/main/AndroidManifest.xml:43:9-45:57
82            android:name="expo.modules.updates.EXPO_SDK_VERSION"
82-->src/main/AndroidManifest.xml:44:13-65
83            android:value="YOUR-APP-SDK-VERSION-HERE" />
83-->src/main/AndroidManifest.xml:45:13-54
84
85        <activity
85-->src/main/AndroidManifest.xml:47:9-59:20
86            android:name="com.SibSU.MySibSU.MainActivity"
86-->src/main/AndroidManifest.xml:48:13-41
87            android:configChanges="keyboard|keyboardHidden|orientation|screenSize|uiMode"
87-->src/main/AndroidManifest.xml:49:13-90
88            android:label="@string/app_name"
88-->src/main/AndroidManifest.xml:50:13-45
89            android:launchMode="singleTask"
89-->src/main/AndroidManifest.xml:51:13-44
90            android:theme="@style/Theme.App.SplashScreen"
90-->src/main/AndroidManifest.xml:52:13-58
91            android:windowSoftInputMode="adjustResize" >
91-->src/main/AndroidManifest.xml:53:13-55
92            <intent-filter>
92-->src/main/AndroidManifest.xml:54:13-58:29
93                <action android:name="android.intent.action.MAIN" />
93-->src/main/AndroidManifest.xml:55:17-69
93-->src/main/AndroidManifest.xml:55:25-66
94
95                <category android:name="android.intent.category.LAUNCHER" />
95-->src/main/AndroidManifest.xml:57:17-77
95-->src/main/AndroidManifest.xml:57:27-74
96            </intent-filter>
97        </activity>
98        <activity android:name="com.facebook.react.devsupport.DevSettingsActivity" />
98-->src/main/AndroidManifest.xml:60:9-86
98-->src/main/AndroidManifest.xml:60:19-83
99
100        <meta-data
100-->[:unimodules-react-native-adapter] AndroidManifest.xml:12:9-14:91
101            android:name="org.unimodules.core.AppLoader#react-native-headless"
101-->[:unimodules-react-native-adapter] AndroidManifest.xml:13:13-79
102            android:value="org.unimodules.adapters.react.apploader.RNHeadlessAppLoader" />
102-->[:unimodules-react-native-adapter] AndroidManifest.xml:14:13-88
103
104        <service android:name="io.invertase.firebase.messaging.ReactNativeFirebaseMessagingHeadlessService" />
104-->[:react-native-firebase_messaging] AndroidManifest.xml:16:9-111
104-->[:react-native-firebase_messaging] AndroidManifest.xml:16:18-108
105        <service
105-->[:react-native-firebase_messaging] AndroidManifest.xml:17:9-23:19
106            android:name="io.invertase.firebase.messaging.ReactNativeFirebaseMessagingService"
106-->[:react-native-firebase_messaging] AndroidManifest.xml:18:13-95
107            android:exported="false" >
107-->[:react-native-firebase_messaging] AndroidManifest.xml:19:13-37
108            <intent-filter>
108-->[:react-native-firebase_messaging] AndroidManifest.xml:20:13-22:29
109                <action android:name="com.google.firebase.MESSAGING_EVENT" />
109-->[:react-native-firebase_messaging] AndroidManifest.xml:21:17-78
109-->[:react-native-firebase_messaging] AndroidManifest.xml:21:25-75
110            </intent-filter>
111        </service>
112
113        <receiver
113-->[:react-native-firebase_messaging] AndroidManifest.xml:25:9-32:20
114            android:name="io.invertase.firebase.messaging.ReactNativeFirebaseMessagingReceiver"
114-->[:react-native-firebase_messaging] AndroidManifest.xml:26:13-96
115            android:exported="true"
115-->[:react-native-firebase_messaging] AndroidManifest.xml:27:13-36
116            android:permission="com.google.android.c2dm.permission.SEND" >
116-->[:react-native-firebase_messaging] AndroidManifest.xml:28:13-73
117            <intent-filter>
117-->[:react-native-firebase_messaging] AndroidManifest.xml:29:13-31:29
118                <action android:name="com.google.android.c2dm.intent.RECEIVE" />
118-->[:react-native-firebase_messaging] AndroidManifest.xml:30:17-81
118-->[:react-native-firebase_messaging] AndroidManifest.xml:30:25-78
119            </intent-filter>
120        </receiver>
121
122        <meta-data
122-->[:react-native-firebase_messaging] AndroidManifest.xml:34:9-36:36
123            android:name="firebase_messaging_auto_init_enabled"
123-->[:react-native-firebase_messaging] AndroidManifest.xml:35:13-64
124            android:value="true" />
124-->[:react-native-firebase_messaging] AndroidManifest.xml:36:13-33
125        <meta-data
125-->[:react-native-firebase_messaging] AndroidManifest.xml:37:9-39:32
126            android:name="com.google.firebase.messaging.default_notification_channel_id"
126-->[:react-native-firebase_messaging] AndroidManifest.xml:38:13-89
127            android:value="" />
127-->[:react-native-firebase_messaging] AndroidManifest.xml:39:13-29
128        <meta-data
128-->[:react-native-firebase_messaging] AndroidManifest.xml:40:9-42:47
129            android:name="com.google.firebase.messaging.default_notification_color"
129-->[:react-native-firebase_messaging] AndroidManifest.xml:41:13-84
130            android:resource="@color/white" />
130-->[:react-native-firebase_messaging] AndroidManifest.xml:42:13-44
131
132        <provider
132-->[:rn-fetch-blob] AndroidManifest.xml:36:9-44:20
133            android:name="com.RNFetchBlob.Utils.FileProvider"
133-->[:rn-fetch-blob] AndroidManifest.xml:37:13-62
134            android:authorities="com.SibSU.MySibSU.provider"
134-->[:rn-fetch-blob] AndroidManifest.xml:38:13-60
135            android:exported="false"
135-->[:rn-fetch-blob] AndroidManifest.xml:39:13-37
136            android:grantUriPermissions="true" >
136-->[:rn-fetch-blob] AndroidManifest.xml:40:13-47
137            <meta-data
137-->[:rn-fetch-blob] AndroidManifest.xml:41:13-43:58
138                android:name="android.support.FILE_PROVIDER_PATHS"
138-->[:rn-fetch-blob] AndroidManifest.xml:42:17-67
139                android:resource="@xml/provider_paths" />
139-->[:rn-fetch-blob] AndroidManifest.xml:43:17-55
140        </provider>
141        <provider
141-->[:expo-file-system] AndroidManifest.xml:17:9-26:20
142            android:name="expo.modules.filesystem.FileSystemFileProvider"
142-->[:expo-file-system] AndroidManifest.xml:18:13-74
143            android:authorities="com.SibSU.MySibSU.FileSystemFileProvider"
143-->[:expo-file-system] AndroidManifest.xml:19:13-74
144            android:exported="false"
144-->[:expo-file-system] AndroidManifest.xml:20:13-37
145            android:grantUriPermissions="true" >
145-->[:expo-file-system] AndroidManifest.xml:21:13-47
146            <meta-data
146-->[:rn-fetch-blob] AndroidManifest.xml:41:13-43:58
147                android:name="android.support.FILE_PROVIDER_PATHS"
147-->[:rn-fetch-blob] AndroidManifest.xml:42:17-67
148                android:resource="@xml/file_system_provider_paths" />
148-->[:rn-fetch-blob] AndroidManifest.xml:43:17-55
149        </provider>
150
151        <service
151-->[:expo-location] AndroidManifest.xml:16:9-18:40
152            android:name="expo.modules.location.services.LocationTaskService"
152-->[:expo-location] AndroidManifest.xml:17:13-78
153            android:exported="false" />
153-->[:expo-location] AndroidManifest.xml:18:13-37
154        <service
154-->[:expo-notifications] AndroidManifest.xml:14:9-20:19
155            android:name="expo.modules.notifications.service.ExpoFirebaseMessagingService"
155-->[:expo-notifications] AndroidManifest.xml:15:13-91
156            android:exported="false" >
156-->[:expo-notifications] AndroidManifest.xml:16:13-37
157            <intent-filter android:priority="-1" >
157-->[:react-native-firebase_messaging] AndroidManifest.xml:20:13-22:29
158                <action android:name="com.google.firebase.MESSAGING_EVENT" />
158-->[:react-native-firebase_messaging] AndroidManifest.xml:21:17-78
158-->[:react-native-firebase_messaging] AndroidManifest.xml:21:25-75
159            </intent-filter>
160        </service>
161
162        <receiver
162-->[:expo-notifications] AndroidManifest.xml:22:9-34:20
163            android:name="expo.modules.notifications.service.NotificationsService"
163-->[:expo-notifications] AndroidManifest.xml:23:13-83
164            android:enabled="true"
164-->[:expo-notifications] AndroidManifest.xml:24:13-35
165            android:exported="false" >
165-->[:expo-notifications] AndroidManifest.xml:25:13-37
166            <intent-filter android:priority="-1" >
166-->[:expo-notifications] AndroidManifest.xml:26:13-33:29
166-->[:expo-notifications] AndroidManifest.xml:26:28-49
167                <action android:name="expo.modules.notifications.NOTIFICATION_EVENT" />
167-->[:expo-notifications] AndroidManifest.xml:27:17-88
167-->[:expo-notifications] AndroidManifest.xml:27:25-85
168                <action android:name="android.intent.action.BOOT_COMPLETED" />
168-->[:expo-notifications] AndroidManifest.xml:28:17-79
168-->[:expo-notifications] AndroidManifest.xml:28:25-76
169                <action android:name="android.intent.action.REBOOT" />
169-->[:expo-notifications] AndroidManifest.xml:29:17-71
169-->[:expo-notifications] AndroidManifest.xml:29:25-68
170                <action android:name="android.intent.action.QUICKBOOT_POWERON" />
170-->[:expo-notifications] AndroidManifest.xml:30:17-82
170-->[:expo-notifications] AndroidManifest.xml:30:25-79
171                <action android:name="com.htc.intent.action.QUICKBOOT_POWERON" />
171-->[:expo-notifications] AndroidManifest.xml:31:17-82
171-->[:expo-notifications] AndroidManifest.xml:31:25-79
172                <action android:name="android.intent.action.MY_PACKAGE_REPLACED" />
172-->[:expo-notifications] AndroidManifest.xml:32:17-84
172-->[:expo-notifications] AndroidManifest.xml:32:25-81
173            </intent-filter>
174        </receiver>
175        <!--
176             FirebaseMessagingService performs security checks at runtime,
177             but set to not exported to explicitly avoid allowing another app to call it.
178        -->
179        <service
179-->[com.google.firebase:firebase-messaging:21.0.1] AndroidManifest.xml:28:9-35:19
180            android:name="com.google.firebase.messaging.FirebaseMessagingService"
180-->[com.google.firebase:firebase-messaging:21.0.1] AndroidManifest.xml:29:13-82
181            android:directBootAware="true"
181-->[com.google.firebase:firebase-messaging:21.0.1] AndroidManifest.xml:30:13-43
182            android:exported="false" >
182-->[com.google.firebase:firebase-messaging:21.0.1] AndroidManifest.xml:31:13-37
183            <intent-filter android:priority="-500" >
183-->[:react-native-firebase_messaging] AndroidManifest.xml:20:13-22:29
184                <action android:name="com.google.firebase.MESSAGING_EVENT" />
184-->[:react-native-firebase_messaging] AndroidManifest.xml:21:17-78
184-->[:react-native-firebase_messaging] AndroidManifest.xml:21:25-75
185            </intent-filter>
186        </service>
187        <service
187-->[com.google.firebase:firebase-messaging:21.0.1] AndroidManifest.xml:36:9-42:19
188            android:name="com.google.firebase.components.ComponentDiscoveryService"
188-->[com.google.firebase:firebase-messaging:21.0.1] AndroidManifest.xml:37:13-84
189            android:directBootAware="true"
189-->[com.google.firebase:firebase-common:19.5.0] AndroidManifest.xml:35:13-43
190            android:exported="false" >
190-->[com.google.firebase:firebase-messaging:21.0.1] AndroidManifest.xml:38:13-37
191            <meta-data
191-->[com.google.firebase:firebase-messaging:21.0.1] AndroidManifest.xml:39:13-41:85
192                android:name="com.google.firebase.components:com.google.firebase.messaging.FirebaseMessagingRegistrar"
192-->[com.google.firebase:firebase-messaging:21.0.1] AndroidManifest.xml:40:17-119
193                android:value="com.google.firebase.components.ComponentRegistrar" />
193-->[com.google.firebase:firebase-messaging:21.0.1] AndroidManifest.xml:41:17-82
194            <meta-data
194-->[com.google.firebase:firebase-datatransport:17.0.10] AndroidManifest.xml:28:13-30:85
195                android:name="com.google.firebase.components:com.google.firebase.datatransport.TransportRegistrar"
195-->[com.google.firebase:firebase-datatransport:17.0.10] AndroidManifest.xml:29:17-115
196                android:value="com.google.firebase.components.ComponentRegistrar" />
196-->[com.google.firebase:firebase-datatransport:17.0.10] AndroidManifest.xml:30:17-82
197            <meta-data
197-->[com.google.firebase:firebase-iid:21.0.1] AndroidManifest.xml:32:13-34:85
198                android:name="com.google.firebase.components:com.google.firebase.iid.Registrar"
198-->[com.google.firebase:firebase-iid:21.0.1] AndroidManifest.xml:33:17-96
199                android:value="com.google.firebase.components.ComponentRegistrar" />
199-->[com.google.firebase:firebase-iid:21.0.1] AndroidManifest.xml:34:17-82
200            <meta-data
200-->[com.google.firebase:firebase-installations:16.3.5] AndroidManifest.xml:18:13-20:85
201                android:name="com.google.firebase.components:com.google.firebase.installations.FirebaseInstallationsRegistrar"
201-->[com.google.firebase:firebase-installations:16.3.5] AndroidManifest.xml:19:17-127
202                android:value="com.google.firebase.components.ComponentRegistrar" />
202-->[com.google.firebase:firebase-installations:16.3.5] AndroidManifest.xml:20:17-82
203            <!--
204                This registrar is not defined in the dynamic-module-support sdk itself to allow non-firebase
205                clients to use it as well, by defining this registrar in their own core/common library.
206            -->
207            <meta-data
207-->[com.google.firebase:firebase-common:19.5.0] AndroidManifest.xml:43:13-45:85
208                android:name="com.google.firebase.components:com.google.firebase.dynamicloading.DynamicLoadingRegistrar"
208-->[com.google.firebase:firebase-common:19.5.0] AndroidManifest.xml:44:17-121
209                android:value="com.google.firebase.components.ComponentRegistrar" />
209-->[com.google.firebase:firebase-common:19.5.0] AndroidManifest.xml:45:17-82
210        </service>
211        <service
211-->[com.google.android.datatransport:transport-backend-cct:2.3.3] AndroidManifest.xml:29:9-35:19
212            android:name="com.google.android.datatransport.runtime.backends.TransportBackendDiscovery"
212-->[com.google.android.datatransport:transport-backend-cct:2.3.3] AndroidManifest.xml:30:13-103
213            android:exported="false" >
213-->[com.google.android.datatransport:transport-backend-cct:2.3.3] AndroidManifest.xml:31:13-37
214            <meta-data
214-->[com.google.android.datatransport:transport-backend-cct:2.3.3] AndroidManifest.xml:32:13-34:39
215                android:name="backend:com.google.android.datatransport.cct.CctBackendFactory"
215-->[com.google.android.datatransport:transport-backend-cct:2.3.3] AndroidManifest.xml:33:17-94
216                android:value="cct" />
216-->[com.google.android.datatransport:transport-backend-cct:2.3.3] AndroidManifest.xml:34:17-36
217        </service>
218        <service
218-->[com.google.android.datatransport:transport-runtime:2.2.5] AndroidManifest.xml:26:9-30:19
219            android:name="com.google.android.datatransport.runtime.scheduling.jobscheduling.JobInfoSchedulerService"
219-->[com.google.android.datatransport:transport-runtime:2.2.5] AndroidManifest.xml:27:13-117
220            android:exported="false"
220-->[com.google.android.datatransport:transport-runtime:2.2.5] AndroidManifest.xml:28:13-37
221            android:permission="android.permission.BIND_JOB_SERVICE" >
221-->[com.google.android.datatransport:transport-runtime:2.2.5] AndroidManifest.xml:29:13-69
222        </service>
223
224        <receiver
224-->[com.google.android.datatransport:transport-runtime:2.2.5] AndroidManifest.xml:32:9-34:40
225            android:name="com.google.android.datatransport.runtime.scheduling.jobscheduling.AlarmManagerSchedulerBroadcastReceiver"
225-->[com.google.android.datatransport:transport-runtime:2.2.5] AndroidManifest.xml:33:13-132
226            android:exported="false" />
226-->[com.google.android.datatransport:transport-runtime:2.2.5] AndroidManifest.xml:34:13-37
227
228        <provider
228-->[androidx.lifecycle:lifecycle-process:2.2.0] AndroidManifest.xml:25:9-29:43
229            android:name="androidx.lifecycle.ProcessLifecycleOwnerInitializer"
229-->[androidx.lifecycle:lifecycle-process:2.2.0] AndroidManifest.xml:26:13-79
230            android:authorities="com.SibSU.MySibSU.lifecycle-process"
230-->[androidx.lifecycle:lifecycle-process:2.2.0] AndroidManifest.xml:27:13-69
231            android:exported="false"
231-->[androidx.lifecycle:lifecycle-process:2.2.0] AndroidManifest.xml:28:13-37
232            android:multiprocess="true" />
232-->[androidx.lifecycle:lifecycle-process:2.2.0] AndroidManifest.xml:29:13-40
233
234        <service
234-->[androidx.room:room-runtime:2.1.0] AndroidManifest.xml:25:9-27:40
235            android:name="androidx.room.MultiInstanceInvalidationService"
235-->[androidx.room:room-runtime:2.1.0] AndroidManifest.xml:26:13-74
236            android:exported="false" />
236-->[androidx.room:room-runtime:2.1.0] AndroidManifest.xml:27:13-37
237
238        <activity
238-->[com.google.android.gms:play-services-auth:19.0.0] AndroidManifest.xml:23:9-27:75
239            android:name="com.google.android.gms.auth.api.signin.internal.SignInHubActivity"
239-->[com.google.android.gms:play-services-auth:19.0.0] AndroidManifest.xml:24:13-93
240            android:excludeFromRecents="true"
240-->[com.google.android.gms:play-services-auth:19.0.0] AndroidManifest.xml:25:13-46
241            android:exported="false"
241-->[com.google.android.gms:play-services-auth:19.0.0] AndroidManifest.xml:26:13-37
242            android:theme="@android:style/Theme.Translucent.NoTitleBar" />
242-->[com.google.android.gms:play-services-auth:19.0.0] AndroidManifest.xml:27:13-72
243        <!--
244            Service handling Google Sign-In user revocation. For apps that do not integrate with
245            Google Sign-In, this service will never be started.
246        -->
247        <service
247-->[com.google.android.gms:play-services-auth:19.0.0] AndroidManifest.xml:33:9-37:51
248            android:name="com.google.android.gms.auth.api.signin.RevocationBoundService"
248-->[com.google.android.gms:play-services-auth:19.0.0] AndroidManifest.xml:34:13-89
249            android:exported="true"
249-->[com.google.android.gms:play-services-auth:19.0.0] AndroidManifest.xml:35:13-36
250            android:permission="com.google.android.gms.auth.api.signin.permission.REVOCATION_NOTIFICATION"